mode: set
github.com/ali-afk-code/wallet/pkg/wallet/service.go:22.76,23.37 1 1
github.com/ali-afk-code/wallet/pkg/wallet/service.go:28.2,28.32 1 0
github.com/ali-afk-code/wallet/pkg/wallet/service.go:23.37,24.30 1 1
github.com/ali-afk-code/wallet/pkg/wallet/service.go:24.30,26.4 1 1
github.com/ali-afk-code/wallet/pkg/wallet/service.go:31.78,32.37 1 1
github.com/ali-afk-code/wallet/pkg/wallet/service.go:37.2,43.17 4 1
github.com/ali-afk-code/wallet/pkg/wallet/service.go:32.37,33.29 1 0
github.com/ali-afk-code/wallet/pkg/wallet/service.go:33.29,35.4 1 0
github.com/ali-afk-code/wallet/pkg/wallet/service.go:46.70,47.17 1 1
github.com/ali-afk-code/wallet/pkg/wallet/service.go:50.2,52.37 2 1
github.com/ali-afk-code/wallet/pkg/wallet/service.go:57.2,57.16 1 1
github.com/ali-afk-code/wallet/pkg/wallet/service.go:60.2,61.12 2 1
github.com/ali-afk-code/wallet/pkg/wallet/service.go:47.17,49.3 1 0
github.com/ali-afk-code/wallet/pkg/wallet/service.go:52.37,53.30 1 1
github.com/ali-afk-code/wallet/pkg/wallet/service.go:53.30,55.4 1 1
github.com/ali-afk-code/wallet/pkg/wallet/service.go:57.16,59.3 1 0
github.com/ali-afk-code/wallet/pkg/wallet/service.go:64.116,65.17 1 1
github.com/ali-afk-code/wallet/pkg/wallet/service.go:68.2,70.37 2 1
github.com/ali-afk-code/wallet/pkg/wallet/service.go:76.2,76.16 1 1
github.com/ali-afk-code/wallet/pkg/wallet/service.go:79.2,79.26 1 1
github.com/ali-afk-code/wallet/pkg/wallet/service.go:83.2,93.21 5 1
github.com/ali-afk-code/wallet/pkg/wallet/service.go:65.17,67.3 1 0
github.com/ali-afk-code/wallet/pkg/wallet/service.go:70.37,71.30 1 1
github.com/ali-afk-code/wallet/pkg/wallet/service.go:71.30,73.9 2 1
github.com/ali-afk-code/wallet/pkg/wallet/service.go:76.16,78.3 1 0
github.com/ali-afk-code/wallet/pkg/wallet/service.go:79.26,81.3 1 0
github.com/ali-afk-code/wallet/pkg/wallet/service.go:96.50,98.16 2 0
github.com/ali-afk-code/wallet/pkg/wallet/service.go:101.2,101.53 1 0
github.com/ali-afk-code/wallet/pkg/wallet/service.go:109.2,109.12 1 0
github.com/ali-afk-code/wallet/pkg/wallet/service.go:98.16,100.3 1 0
github.com/ali-afk-code/wallet/pkg/wallet/service.go:101.53,104.17 3 0
github.com/ali-afk-code/wallet/pkg/wallet/service.go:107.3,107.32 1 0
github.com/ali-afk-code/wallet/pkg/wallet/service.go:104.17,106.4 1 0
github.com/ali-afk-code/wallet/pkg/wallet/service.go:112.77,113.37 1 1
github.com/ali-afk-code/wallet/pkg/wallet/service.go:118.2,118.32 1 1
github.com/ali-afk-code/wallet/pkg/wallet/service.go:113.37,114.30 1 1
github.com/ali-afk-code/wallet/pkg/wallet/service.go:114.30,116.4 1 1
github.com/ali-afk-code/wallet/pkg/wallet/service.go:122.68,124.16 2 0
github.com/ali-afk-code/wallet/pkg/wallet/service.go:127.2,135.26 2 0
github.com/ali-afk-code/wallet/pkg/wallet/service.go:124.16,126.3 1 0
